<?xml version="1.0" encoding="UTF-8"?>
<testng-results skipped="0" failed="0" ignored="0" total="1" passed="1">
  <reporter-output>
  </reporter-output>
  <suite name="Default suite" duration-ms="13044" started-at="2019-12-03T18:03:48Z" finished-at="2019-12-03T18:04:01Z">
    <groups>
    </groups>
    <test name="Default test" duration-ms="13044" started-at="2019-12-03T18:03:48Z" finished-at="2019-12-03T18:04:01Z">
      <class name="demo.VerifyTitle">
        <test-method status="PASS" signature="openBrowser()[pri:0, instance:demo.VerifyTitle@5c7fa833]" name="openBrowser" is-config="true" duration-ms="10576" started-at="2019-12-03T18:03:48Z" finished-at="2019-12-03T18:03:59Z">
          <reporter-output>
          </reporter-output>
        </test-method> <!-- openBrowser -->
        <test-method status="PASS" signature="titleVerification()[pri:0, instance:demo.VerifyTitle@5c7fa833]" name="titleVerification" duration-ms="2434" started-at="2019-12-03T18:03:59Z" finished-at="2019-12-03T18:04:01Z">
          <reporter-output>
          </reporter-output>
        </test-method> <!-- titleVerification -->
      </class> <!-- demo.VerifyTitle -->
    </test> <!-- Default test -->
  </suite> <!-- Default suite -->
</testng-results>
