<?xml version="1.0" encoding="UTF-8"?>
<testng-results skipped="0" failed="1" ignored="0" total="3" passed="2">
  <reporter-output>
  </reporter-output>
  <suite name="Default suite" duration-ms="21924" started-at="2020-01-09T16:46:33Z" finished-at="2020-01-09T16:46:55Z">
    <groups>
    </groups>
    <test name="Default test" duration-ms="21924" started-at="2020-01-09T16:46:33Z" finished-at="2020-01-09T16:46:55Z">
      <class name="automation_practice.LoginTest">
        <test-method status="PASS" signature="openBrowser()[pri:0, instance:automation_practice.LoginTest@39aeed2f]" name="openBrowser" is-config="true" duration-ms="6346" started-at="2020-01-09T16:46:33Z" finished-at="2020-01-09T16:46:39Z">
          <reporter-output>
          </reporter-output>
        </test-method> <!-- openBrowser -->
        <test-method status="PASS" signature="validUserAndPwd()[pri:0, instance:automation_practice.LoginTest@39aeed2f]" name="validUserAndPwd" duration-ms="8080" started-at="2020-01-09T16:46:39Z" finished-at="2020-01-09T16:46:47Z">
          <reporter-output>
          </reporter-output>
        </test-method> <!-- validUserAndPwd -->
        <test-method status="FAIL" signature="loginWithInvalidPassword()[pri:1, instance:automation_practice.LoginTest@39aeed2f]" name="loginWithInvalidPassword" duration-ms="3633" started-at="2020-01-09T16:46:47Z" finished-at="2020-01-09T16:46:51Z">
          <exception class="java.lang.AssertionError">
            <message>
              <![CDATA[The following asserts failed:
expected [There is 1 errorr] but found [There is 1 error]]]>
            </message>
            <full-stacktrace>
              <![CDATA[java.lang.AssertionError: The following asserts failed:
expected [There is 1 errorr] but found [There is 1 error]
at org.testng.asserts.SoftAssert.assertAll(SoftAssert.java:43)
at automation_practice.LoginTest.loginWithInvalidPassword(LoginTest.java:49)
at sun.reflect.NativeMethodAccessorImpl.invoke0(Native Method)
at sun.reflect.NativeMethodAccessorImpl.invoke(NativeMethodAccessorImpl.java:62)
at sun.reflect.DelegatingMethodAccessorImpl.invoke(DelegatingMethodAccessorImpl.java:43)
at java.lang.reflect.Method.invoke(Method.java:498)
at org.testng.internal.MethodInvocationHelper.invokeMethod(MethodInvocationHelper.java:124)
at org.testng.internal.Invoker.invokeMethod(Invoker.java:580)
at org.testng.internal.Invoker.invokeTestMethod(Invoker.java:716)
at org.testng.internal.Invoker.invokeTestMethods(Invoker.java:988)
at org.testng.internal.TestMethodWorker.invokeTestMethods(TestMethodWorker.java:125)
at org.testng.internal.TestMethodWorker.run(TestMethodWorker.java:109)
at org.testng.TestRunner.privateRun(TestRunner.java:648)
at org.testng.TestRunner.run(TestRunner.java:505)
at org.testng.SuiteRunner.runTest(SuiteRunner.java:455)
at org.testng.SuiteRunner.runSequentially(SuiteRunner.java:450)
at org.testng.SuiteRunner.privateRun(SuiteRunner.java:415)
at org.testng.SuiteRunner.run(SuiteRunner.java:364)
at org.testng.SuiteRunnerWorker.runSuite(SuiteRunnerWorker.java:52)
at org.testng.SuiteRunnerWorker.run(SuiteRunnerWorker.java:84)
at org.testng.TestNG.runSuitesSequentially(TestNG.java:1208)
at org.testng.TestNG.runSuitesLocally(TestNG.java:1137)
at org.testng.TestNG.runSuites(TestNG.java:1049)
at org.testng.TestNG.run(TestNG.java:1017)
at org.testng.remote.AbstractRemoteTestNG.run(AbstractRemoteTestNG.java:114)
at org.testng.remote.RemoteTestNG.initAndRun(RemoteTestNG.java:251)
at org.testng.remote.RemoteTestNG.main(RemoteTestNG.java:77)
]]>
            </full-stacktrace>
          </exception> <!-- java.lang.AssertionError -->
          <reporter-output>
          </reporter-output>
        </test-method> <!-- loginWithInvalidPassword -->
        <test-method status="PASS" signature="loginWithoutPassword()[pri:2, instance:automation_practice.LoginTest@39aeed2f]" name="loginWithoutPassword" duration-ms="3723" started-at="2020-01-09T16:46:51Z" finished-at="2020-01-09T16:46:55Z">
          <reporter-output>
          </reporter-output>
        </test-method> <!-- loginWithoutPassword -->
        <test-method status="PASS" signature="closeBrowser()[pri:0, instance:automation_practice.LoginTest@39aeed2f]" name="closeBrowser" is-config="true" duration-ms="92" started-at="2020-01-09T16:46:55Z" finished-at="2020-01-09T16:46:55Z">
          <reporter-output>
          </reporter-output>
        </test-method> <!-- closeBrowser -->
      </class> <!-- automation_practice.LoginTest -->
    </test> <!-- Default test -->
  </suite> <!-- Default suite -->
</testng-results>
