<?xml version="1.0" encoding="UTF-8"?>
<!-- Generated by org.testng.reporters.JUnitXMLReporter -->
<testsuite hostname="DESKTOP-EBJ4M8C" ignored="0" name="ChromeTest" tests="3" failures="0" timestamp="06 Nov 2018 03:35:09 GMT" time="12.055" errors="0">
  <testcase name="verifyTitle" time="0.008" classname="demo.CrossBrowser"/>
  <testcase name="verifyTest2" time="0.044" classname="demo.CrossBrowser"/>
  <testcase name="verifyRadioButton" time="0.028" classname="demo.CrossBrowser"/>
</testsuite> <!-- ChromeTest -->
