<?xml version="1.0" encoding="UTF-8"?>
<!-- Generated by org.testng.reporters.JUnitXMLReporter -->
<testsuite hostname="DESKTOP-EBJ4M8C" ignored="0" name="EdheTest" tests="3" failures="0" timestamp="06 Nov 2018 03:35:01 GMT" time="4.879" errors="0">
  <testcase name="verifyTitle" time="0.056" classname="demo.CrossBrowser"/>
  <testcase name="verifyTest2" time="0.144" classname="demo.CrossBrowser"/>
  <testcase name="verifyRadioButton" time="0.108" classname="demo.CrossBrowser"/>
</testsuite> <!-- EdheTest -->
