<?xml version="1.0" encoding="UTF-8"?>
<!-- Generated by org.testng.reporters.JUnitXMLReporter -->
<testsuite hostname="DESKTOP-EBJ4M8C" ignored="0" name="IETest" tests="3" failures="0" timestamp="30 Apr 2018 15:15:57 GMT" time="3.911" errors="0">
  <testcase name="verifyTitle" time="0.02" classname="demo.CrossBrowser"/>
  <testcase name="verifyTest2" time="0.235" classname="demo.CrossBrowser"/>
  <testcase name="verifyRadioButton" time="0.244" classname="demo.CrossBrowser"/>
</testsuite> <!-- IETest -->
