<?xml version="1.0" encoding="UTF-8"?>
<!-- Generated by org.testng.reporters.JUnitXMLReporter -->
<testsuite hostname="DESKTOP-EBJ4M8C" ignored="0" name="TestEdge" tests="4" failures="0" timestamp="06 Nov 2018 03:21:04 GMT" time="0.033" errors="0">
  <testcase name="@BeforeTest openBrowser" time="0.0" classname="demo.LinkedValidation">
    <failure type="java.lang.NullPointerException">
      <![CDATA[java.lang.NullPointerException
at demo.LinkedValidation.openBrowser(LinkedValidation.java:24)
... Removed 24 stack frames]]>
    </failure>
  </testcase> <!-- @BeforeTest openBrowser -->
  <testcase name="@AfterTest closeBrowser" time="0.0" classname="demo.LinkedValidation">
    <skipped/>
  </testcase> <!-- @AfterTest closeBrowser -->
  <testcase name="verifyTitle" time="0.0" classname="demo.LinkedValidation">
    <skipped/>
  </testcase> <!-- verifyTitle -->
  <testcase name="verifyText" time="0.0" classname="demo.LinkedValidation">
    <skipped/>
  </testcase> <!-- verifyText -->
  <testcase name="verifySingInButtonVisibility" time="0.0" classname="demo.LinkedValidation">
    <skipped/>
  </testcase> <!-- verifySingInButtonVisibility -->
  <testcase name="verifySingInButtonAnable" time="0.0" classname="demo.LinkedValidation">
    <skipped/>
  </testcase> <!-- verifySingInButtonAnable -->
</testsuite> <!-- TestEdge -->
